This file contains any messages produced by compilers while
running configure, to aid debugging if configure makes a mistake.

It was created by configure, which was
generated by GNU Autoconf 2.59.  Invocation command line was

  $ ./configure --prefix=/usr

## --------- ##
## Platform. ##
## --------- ##

hostname = NOTEDEV
uname -m = i686
uname -r = 2.6.30-2-686
uname -s = Linux
uname -v = #1 SMP Fri Dec 4 00:53:20 UTC 2009

/usr/bin/uname -p = unknown
/bin/uname -X     = unknown

/bin/arch              = unknown
/usr/bin/arch -k       = unknown
/usr/convex/getsysinfo = unknown
hostinfo               = unknown
/bin/machine           = unknown
/usr/bin/oslevel       = unknown
/bin/universe          = unknown

PATH: /usr/local/sbin
PATH: /usr/local/bin
PATH: /usr/sbin
PATH: /usr/bin
PATH: /sbin
PATH: /bin


## ----------- ##
## Core tests. ##
## ----------- ##

configure:1536: checking for a BSD-compatible install
configure:1591: result: /usr/bin/install -c
configure:1602: checking whether build environment is sane
configure:1645: result: yes
configure:1710: checking for gawk
configure:1739: result: no
configure:1710: checking for mawk
configure:1726: found /usr/bin/mawk
configure:1736: result: mawk
configure:1746: checking whether make sets $(MAKE)
configure:1766: result: yes
configure:1982: checking for gcc
configure:1998: found /usr/bin/gcc
configure:2008: result: gcc
configure:2252: checking for C compiler version
configure:2255: gcc --version </dev/null >&5
gcc (Debian 4.3.5-1) 4.3.5
Copyright (C) 2008 Free Software Foundation, Inc.
This is free software; see the source for copying conditions.  There is NO
warranty; not even for MERCHANTABILITY or FITNESS FOR A PARTICULAR PURPOSE.

configure:2258: $? = 0
configure:2260: gcc -v </dev/null >&5
Using built-in specs.
Target: i486-linux-gnu
Configured with: ../src/configure -v --with-pkgversion='Debian 4.3.5-1' --with-bugurl=file:///usr/share/doc/gcc-4.3/README.Bugs --enable-languages=c,c++,fortran,objc,obj-c++ --prefix=/usr --enable-shared --enable-multiarch --enable-linker-build-id --with-system-zlib --libexecdir=/usr/lib --without-included-gettext --enable-threads=posix --enable-nls --with-gxx-include-dir=/usr/include/c++/4.3 --program-suffix=-4.3 --enable-clocale=gnu --enable-libstdcxx-debug --enable-objc-gc --enable-mpfr --enable-targets=all --with-tune=generic --enable-checking=release --build=i486-linux-gnu --host=i486-linux-gnu --target=i486-linux-gnu
Thread model: posix
gcc version 4.3.5 (Debian 4.3.5-1) 
configure:2263: $? = 0
configure:2265: gcc -V </dev/null >&5
gcc: '-V' option must have argument
configure:2268: $? = 1
configure:2291: checking for C compiler default output file name
configure:2294: gcc    conftest.c  >&5
configure:2297: $? = 0
configure:2343: result: a.out
configure:2348: checking whether the C compiler works
configure:2354: ./a.out
configure:2357: $? = 0
configure:2374: result: yes
configure:2381: checking whether we are cross compiling
configure:2383: result: no
configure:2386: checking for suffix of executables
configure:2388: gcc -o conftest    conftest.c  >&5
configure:2391: $? = 0
configure:2416: result: 
configure:2422: checking for suffix of object files
configure:2443: gcc -c   conftest.c >&5
configure:2446: $? = 0
configure:2468: result: o
configure:2472: checking whether we are using the GNU C compiler
configure:2496: gcc -c   conftest.c >&5
configure:2502: $? = 0
configure:2505: test -z 			 || test ! -s conftest.err
configure:2508: $? = 0
configure:2511: test -s conftest.o
configure:2514: $? = 0
configure:2527: result: yes
configure:2533: checking whether gcc accepts -g
configure:2554: gcc -c -g  conftest.c >&5
configure:2560: $? = 0
configure:2563: test -z 			 || test ! -s conftest.err
configure:2566: $? = 0
configure:2569: test -s conftest.o
configure:2572: $? = 0
configure:2583: result: yes
configure:2600: checking for gcc option to accept ANSI C
configure:2670: gcc  -c -g -O2  conftest.c >&5
configure:2676: $? = 0
configure:2679: test -z 			 || test ! -s conftest.err
configure:2682: $? = 0
configure:2685: test -s conftest.o
configure:2688: $? = 0
configure:2706: result: none needed
configure:2724: gcc -c -g -O2  conftest.c >&5
conftest.c:2: error: expected '=', ',', ';', 'asm' or '__attribute__' before 'me'
configure:2730: $? = 1
configure: failed program was:
| #ifndef __cplusplus
|   choke me
| #endif
configure:2871: checking for style of include used by make
configure:2899: result: GNU
configure:2927: checking dependency style of gcc
configure:3017: result: gcc3
configure:3112: checking build system type
configure:3130: result: i686-pc-linux-gnu
configure:3138: checking host system type
configure:3152: result: i686-pc-linux-gnu
configure:3160: checking for a sed that does not truncate output
configure:3214: result: /bin/sed
configure:3217: checking for egrep
configure:3227: result: grep -E
configure:3243: checking for ld used by gcc
configure:3310: result: /usr/bin/ld
configure:3319: checking if the linker (/usr/bin/ld) is GNU ld
configure:3334: result: yes
configure:3339: checking for /usr/bin/ld option to reload object files
configure:3346: result: -r
configure:3364: checking for BSD-compatible nm
configure:3413: result: /usr/bin/nm -B
configure:3417: checking whether ln -s works
configure:3421: result: yes
configure:3428: checking how to recognise dependent libraries
configure:3604: result: pass_all
configure:3840: checking how to run the C preprocessor
configure:3875: gcc -E  conftest.c
configure:3881: $? = 0
configure:3913: gcc -E  conftest.c
conftest.c:11:28: error: ac_nonexistent.h: No such file or directory
configure:3919: $? = 1
configure: failed program was:
| /* confdefs.h.  */
| 
| #define PACKAGE_NAME ""
| #define PACKAGE_TARNAME ""
| #define PACKAGE_VERSION ""
| #define PACKAGE_STRING ""
| #define PACKAGE_BUGREPORT ""
| #define PACKAGE "fann"
| #define VERSION "2.1.0"
| /* end confdefs.h.  */
| #include <ac_nonexistent.h>
configure:3958: result: gcc -E
configure:3982: gcc -E  conftest.c
configure:3988: $? = 0
configure:4020: gcc -E  conftest.c
conftest.c:11:28: error: ac_nonexistent.h: No such file or directory
configure:4026: $? = 1
configure: failed program was:
| /* confdefs.h.  */
| 
| #define PACKAGE_NAME ""
| #define PACKAGE_TARNAME ""
| #define PACKAGE_VERSION ""
| #define PACKAGE_STRING ""
| #define PACKAGE_BUGREPORT ""
| #define PACKAGE "fann"
| #define VERSION "2.1.0"
| /* end confdefs.h.  */
| #include <ac_nonexistent.h>
configure:4070: checking for ANSI C header files
configure:4095: gcc -c -g -O2  conftest.c >&5
configure:4101: $? = 0
configure:4104: test -z 			 || test ! -s conftest.err
configure:4107: $? = 0
configure:4110: test -s conftest.o
configure:4113: $? = 0
configure:4202: gcc -o conftest -g -O2   conftest.c  >&5
conftest.c: In function 'main':
conftest.c:28: warning: incompatible implicit declaration of built-in function 'exit'
configure:4205: $? = 0
configure:4207: ./conftest
configure:4210: $? = 0
configure:4225: result: yes
configure:4249: checking for sys/types.h
configure:4265: gcc -c -g -O2  conftest.c >&5
configure:4271: $? = 0
configure:4274: test -z 			 || test ! -s conftest.err
configure:4277: $? = 0
configure:4280: test -s conftest.o
configure:4283: $? = 0
configure:4294: result: yes
configure:4249: checking for sys/stat.h
configure:4265: gcc -c -g -O2  conftest.c >&5
configure:4271: $? = 0
configure:4274: test -z 			 || test ! -s conftest.err
configure:4277: $? = 0
configure:4280: test -s conftest.o
configure:4283: $? = 0
configure:4294: result: yes
configure:4249: checking for stdlib.h
configure:4265: gcc -c -g -O2  conftest.c >&5
configure:4271: $? = 0
configure:4274: test -z 			 || test ! -s conftest.err
configure:4277: $? = 0
configure:4280: test -s conftest.o
configure:4283: $? = 0
configure:4294: result: yes
configure:4249: checking for string.h
configure:4265: gcc -c -g -O2  conftest.c >&5
configure:4271: $? = 0
configure:4274: test -z 			 || test ! -s conftest.err
configure:4277: $? = 0
configure:4280: test -s conftest.o
configure:4283: $? = 0
configure:4294: result: yes
configure:4249: checking for memory.h
configure:4265: gcc -c -g -O2  conftest.c >&5
configure:4271: $? = 0
configure:4274: test -z 			 || test ! -s conftest.err
configure:4277: $? = 0
configure:4280: test -s conftest.o
configure:4283: $? = 0
configure:4294: result: yes
configure:4249: checking for strings.h
configure:4265: gcc -c -g -O2  conftest.c >&5
configure:4271: $? = 0
configure:4274: test -z 			 || test ! -s conftest.err
configure:4277: $? = 0
configure:4280: test -s conftest.o
configure:4283: $? = 0
configure:4294: result: yes
configure:4249: checking for inttypes.h
configure:4265: gcc -c -g -O2  conftest.c >&5
configure:4271: $? = 0
configure:4274: test -z 			 || test ! -s conftest.err
configure:4277: $? = 0
configure:4280: test -s conftest.o
configure:4283: $? = 0
configure:4294: result: yes
configure:4249: checking for stdint.h
configure:4265: gcc -c -g -O2  conftest.c >&5
configure:4271: $? = 0
configure:4274: test -z 			 || test ! -s conftest.err
configure:4277: $? = 0
configure:4280: test -s conftest.o
configure:4283: $? = 0
configure:4294: result: yes
configure:4249: checking for unistd.h
configure:4265: gcc -c -g -O2  conftest.c >&5
configure:4271: $? = 0
configure:4274: test -z 			 || test ! -s conftest.err
configure:4277: $? = 0
configure:4280: test -s conftest.o
configure:4283: $? = 0
configure:4294: result: yes
configure:4320: checking dlfcn.h usability
configure:4332: gcc -c -g -O2  conftest.c >&5
configure:4338: $? = 0
configure:4341: test -z 			 || test ! -s conftest.err
configure:4344: $? = 0
configure:4347: test -s conftest.o
configure:4350: $? = 0
configure:4360: result: yes
configure:4364: checking dlfcn.h presence
configure:4374: gcc -E  conftest.c
configure:4380: $? = 0
configure:4400: result: yes
configure:4435: checking for dlfcn.h
configure:4442: result: yes
configure:4507: checking for g++
configure:4523: found /usr/bin/g++
configure:4533: result: g++
configure:4549: checking for C++ compiler version
configure:4552: g++ --version </dev/null >&5
g++ (Debian 4.3.5-1) 4.3.5
Copyright (C) 2008 Free Software Foundation, Inc.
This is free software; see the source for copying conditions.  There is NO
warranty; not even for MERCHANTABILITY or FITNESS FOR A PARTICULAR PURPOSE.

configure:4555: $? = 0
configure:4557: g++ -v </dev/null >&5
Using built-in specs.
Target: i486-linux-gnu
Configured with: ../src/configure -v --with-pkgversion='Debian 4.3.5-1' --with-bugurl=file:///usr/share/doc/gcc-4.3/README.Bugs --enable-languages=c,c++,fortran,objc,obj-c++ --prefix=/usr --enable-shared --enable-multiarch --enable-linker-build-id --with-system-zlib --libexecdir=/usr/lib --without-included-gettext --enable-threads=posix --enable-nls --with-gxx-include-dir=/usr/include/c++/4.3 --program-suffix=-4.3 --enable-clocale=gnu --enable-libstdcxx-debug --enable-objc-gc --enable-mpfr --enable-targets=all --with-tune=generic --enable-checking=release --build=i486-linux-gnu --host=i486-linux-gnu --target=i486-linux-gnu
Thread model: posix
gcc version 4.3.5 (Debian 4.3.5-1) 
configure:4560: $? = 0
configure:4562: g++ -V </dev/null >&5
g++: '-V' option must have argument
configure:4565: $? = 1
configure:4568: checking whether we are using the GNU C++ compiler
configure:4592: g++ -c   conftest.cc >&5
configure:4598: $? = 0
configure:4601: test -z 			 || test ! -s conftest.err
configure:4604: $? = 0
configure:4607: test -s conftest.o
configure:4610: $? = 0
configure:4623: result: yes
configure:4629: checking whether g++ accepts -g
configure:4650: g++ -c -g  conftest.cc >&5
configure:4656: $? = 0
configure:4659: test -z 			 || test ! -s conftest.err
configure:4662: $? = 0
configure:4665: test -s conftest.o
configure:4668: $? = 0
configure:4679: result: yes
configure:4721: g++ -c -g -O2  conftest.cc >&5
configure:4727: $? = 0
configure:4730: test -z 			 || test ! -s conftest.err
configure:4733: $? = 0
configure:4736: test -s conftest.o
configure:4739: $? = 0
configure:4765: g++ -c -g -O2  conftest.cc >&5
conftest.cc: In function 'int main()':
conftest.cc:26: error: 'exit' was not declared in this scope
configure:4771: $? = 1
configure: failed program was:
| /* confdefs.h.  */
| 
| #define PACKAGE_NAME ""
| #define PACKAGE_TARNAME ""
| #define PACKAGE_VERSION ""
| #define PACKAGE_STRING ""
| #define PACKAGE_BUGREPORT ""
| #define PACKAGE "fann"
| #define VERSION "2.1.0"
| #define STDC_HEADERS 1
| #define HAVE_SYS_TYPES_H 1
| #define HAVE_SYS_STAT_H 1
| #define HAVE_STDLIB_H 1
| #define HAVE_STRING_H 1
| #define HAVE_MEMORY_H 1
| #define HAVE_STRINGS_H 1
| #define HAVE_INTTYPES_H 1
| #define HAVE_STDINT_H 1
| #define HAVE_UNISTD_H 1
| #define HAVE_DLFCN_H 1
| /* end confdefs.h.  */
| 
| int
| main ()
| {
| exit (42);
|   ;
|   return 0;
| }
configure:4721: g++ -c -g -O2  conftest.cc >&5
conftest.cc:22: error: 'void std::exit(int)' should have been declared inside 'std'
configure:4727: $? = 1
configure: failed program was:
| /* confdefs.h.  */
| 
| #define PACKAGE_NAME ""
| #define PACKAGE_TARNAME ""
| #define PACKAGE_VERSION ""
| #define PACKAGE_STRING ""
| #define PACKAGE_BUGREPORT ""
| #define PACKAGE "fann"
| #define VERSION "2.1.0"
| #define STDC_HEADERS 1
| #define HAVE_SYS_TYPES_H 1
| #define HAVE_SYS_STAT_H 1
| #define HAVE_STDLIB_H 1
| #define HAVE_STRING_H 1
| #define HAVE_MEMORY_H 1
| #define HAVE_STRINGS_H 1
| #define HAVE_INTTYPES_H 1
| #define HAVE_STDINT_H 1
| #define HAVE_UNISTD_H 1
| #define HAVE_DLFCN_H 1
| /* end confdefs.h.  */
| extern "C" void std::exit (int) throw (); using std::exit;
| #include <stdlib.h>
| int
| main ()
| {
| exit (42);
|   ;
|   return 0;
| }
configure:4721: g++ -c -g -O2  conftest.cc >&5
conftest.cc:22: error: 'void std::exit(int)' should have been declared inside 'std'
In file included from conftest.cc:23:
/usr/include/stdlib.h:543: error: declaration of 'void std::exit(int) throw ()' throws different exceptions
conftest.cc:22: error: from previous declaration 'void std::exit(int)'
configure:4727: $? = 1
configure: failed program was:
| /* confdefs.h.  */
| 
| #define PACKAGE_NAME ""
| #define PACKAGE_TARNAME ""
| #define PACKAGE_VERSION ""
| #define PACKAGE_STRING ""
| #define PACKAGE_BUGREPORT ""
| #define PACKAGE "fann"
| #define VERSION "2.1.0"
| #define STDC_HEADERS 1
| #define HAVE_SYS_TYPES_H 1
| #define HAVE_SYS_STAT_H 1
| #define HAVE_STDLIB_H 1
| #define HAVE_STRING_H 1
| #define HAVE_MEMORY_H 1
| #define HAVE_STRINGS_H 1
| #define HAVE_INTTYPES_H 1
| #define HAVE_STDINT_H 1
| #define HAVE_UNISTD_H 1
| #define HAVE_DLFCN_H 1
| /* end confdefs.h.  */
| extern "C" void std::exit (int); using std::exit;
| #include <stdlib.h>
| int
| main ()
| {
| exit (42);
|   ;
|   return 0;
| }
configure:4721: g++ -c -g -O2  conftest.cc >&5
configure:4727: $? = 0
configure:4730: test -z 			 || test ! -s conftest.err
configure:4733: $? = 0
configure:4736: test -s conftest.o
configure:4739: $? = 0
configure:4765: g++ -c -g -O2  conftest.cc >&5
configure:4771: $? = 0
configure:4774: test -z 			 || test ! -s conftest.err
configure:4777: $? = 0
configure:4780: test -s conftest.o
configure:4783: $? = 0
configure:4808: checking dependency style of g++
configure:4898: result: gcc3
configure:4925: checking how to run the C++ preprocessor
configure:4956: g++ -E  conftest.cc
configure:4962: $? = 0
configure:4994: g++ -E  conftest.cc
conftest.cc:25:28: error: ac_nonexistent.h: No such file or directory
configure:5000: $? = 1
configure: failed program was:
| /* confdefs.h.  */
| 
| #define PACKAGE_NAME ""
| #define PACKAGE_TARNAME ""
| #define PACKAGE_VERSION ""
| #define PACKAGE_STRING ""
| #define PACKAGE_BUGREPORT ""
| #define PACKAGE "fann"
| #define VERSION "2.1.0"
| #define STDC_HEADERS 1
| #define HAVE_SYS_TYPES_H 1
| #define HAVE_SYS_STAT_H 1
| #define HAVE_STDLIB_H 1
| #define HAVE_STRING_H 1
| #define HAVE_MEMORY_H 1
| #define HAVE_STRINGS_H 1
| #define HAVE_INTTYPES_H 1
| #define HAVE_STDINT_H 1
| #define HAVE_UNISTD_H 1
| #define HAVE_DLFCN_H 1
| #ifdef __cplusplus
| extern "C" void exit (int) throw ();
| #endif
| /* end confdefs.h.  */
| #include <ac_nonexistent.h>
configure:5039: result: g++ -E
configure:5063: g++ -E  conftest.cc
configure:5069: $? = 0
configure:5101: g++ -E  conftest.cc
conftest.cc:25:28: error: ac_nonexistent.h: No such file or directory
configure:5107: $? = 1
configure: failed program was:
| /* confdefs.h.  */
| 
| #define PACKAGE_NAME ""
| #define PACKAGE_TARNAME ""
| #define PACKAGE_VERSION ""
| #define PACKAGE_STRING ""
| #define PACKAGE_BUGREPORT ""
| #define PACKAGE "fann"
| #define VERSION "2.1.0"
| #define STDC_HEADERS 1
| #define HAVE_SYS_TYPES_H 1
| #define HAVE_SYS_STAT_H 1
| #define HAVE_STDLIB_H 1
| #define HAVE_STRING_H 1
| #define HAVE_MEMORY_H 1
| #define HAVE_STRINGS_H 1
| #define HAVE_INTTYPES_H 1
| #define HAVE_STDINT_H 1
| #define HAVE_UNISTD_H 1
| #define HAVE_DLFCN_H 1
| #ifdef __cplusplus
| extern "C" void exit (int) throw ();
| #endif
| /* end confdefs.h.  */
| #include <ac_nonexistent.h>
configure:5204: checking for g77
configure:5233: result: no
configure:5204: checking for f77
configure:5233: result: no
configure:5204: checking for xlf
configure:5233: result: no
configure:5204: checking for frt
configure:5233: result: no
configure:5204: checking for pgf77
configure:5233: result: no
configure:5204: checking for fort77
configure:5233: result: no
configure:5204: checking for fl32
configure:5233: result: no
configure:5204: checking for af77
configure:5233: result: no
configure:5204: checking for f90
configure:5233: result: no
configure:5204: checking for xlf90
configure:5233: result: no
configure:5204: checking for pgf90
configure:5233: result: no
configure:5204: checking for epcf90
configure:5233: result: no
configure:5204: checking for f95
configure:5233: result: no
configure:5204: checking for fort
configure:5233: result: no
configure:5204: checking for xlf95
configure:5233: result: no
configure:5204: checking for ifc
configure:5233: result: no
configure:5204: checking for efc
configure:5233: result: no
configure:5204: checking for pgf95
configure:5233: result: no
configure:5204: checking for lf95
configure:5233: result: no
configure:5204: checking for gfortran
configure:5233: result: no
configure:5245: checking for Fortran 77 compiler version
configure:5248:  --version </dev/null >&5
./configure: line 5249: --version: command not found
configure:5251: $? = 127
configure:5253:  -v </dev/null >&5
./configure: line 5254: -v: command not found
configure:5256: $? = 127
configure:5258:  -V </dev/null >&5
./configure: line 5259: -V: command not found
configure:5261: $? = 127
configure:5269: checking whether we are using the GNU Fortran 77 compiler
configure:5283:  -c  conftest.F >&5
./configure: line 5284: -c: command not found
configure:5289: $? = 127
configure: failed program was:
|       program main
| #ifndef __GNUC__
|        choke me
| #endif
| 
|       end
configure:5314: result: no
configure:5320: checking whether  accepts -g
configure:5332:  -c -g conftest.f >&5
./configure: line 5333: -c: command not found
configure:5338: $? = 127
configure: failed program was:
|       program main
| 
|       end
configure:5362: result: no
configure:5392: checking the maximum length of command line arguments
configure:5501: result: 32768
configure:5512: checking command to parse /usr/bin/nm -B output from gcc object
configure:5617: gcc -c -g -O2  conftest.c >&5
configure:5620: $? = 0
configure:5624: /usr/bin/nm -B conftest.o \| sed -n -e 's/^.*[ 	]\([ABCDGIRSTW][ABCDGIRSTW]*\)[ 	][ 	]*\([_A-Za-z][_A-Za-z0-9]*\)$/\1 \2 \2/p' \> conftest.nm
configure:5627: $? = 0
configure:5679: gcc -o conftest -g -O2   conftest.c conftstm.o >&5
configure:5682: $? = 0
configure:5720: result: ok
configure:5724: checking for objdir
configure:5739: result: .libs
configure:5829: checking for ar
configure:5845: found /usr/bin/ar
configure:5856: result: ar
configure:5909: checking for ranlib
configure:5925: found /usr/bin/ranlib
configure:5936: result: ranlib
configure:5989: checking for strip
configure:6005: found /usr/bin/strip
configure:6016: result: strip
configure:6288: checking if gcc supports -fno-rtti -fno-exceptions
configure:6306: gcc -c -g -O2  -fno-rtti -fno-exceptions conftest.c >&5
cc1: warning: command line option "-fno-rtti" is valid for C++/ObjC++ but not for C
configure:6310: $? = 0
configure:6323: result: no
configure:6338: checking for gcc option to produce PIC
configure:6548: result: -fPIC
configure:6556: checking if gcc PIC flag -fPIC works
configure:6574: gcc -c -g -O2  -fPIC -DPIC conftest.c >&5
configure:6578: $? = 0
configure:6591: result: yes
configure:6619: checking if gcc static flag -static works
configure:6647: result: yes
configure:6657: checking if gcc supports -c -o file.o
configure:6678: gcc -c -g -O2  -o out/conftest2.o conftest.c >&5
configure:6682: $? = 0
configure:6704: result: yes
configure:6730: checking whether the gcc linker (/usr/bin/ld) supports shared libraries
configure:7696: result: yes
configure:7717: checking whether -lc should be explicitly linked in
configure:7722: gcc -c -g -O2  conftest.c >&5
configure:7725: $? = 0
configure:7740: gcc -shared conftest.o  -v -Wl,-soname -Wl,conftest -o conftest 2\>\&1 \| grep  -lc  \>/dev/null 2\>\&1
configure:7743: $? = 0
configure:7755: result: no
configure:7763: checking dynamic linker characteristics
configure:8363: result: GNU/Linux ld.so
configure:8372: checking how to hardcode library paths into programs
configure:8397: result: immediate
configure:8411: checking whether stripping libraries is possible
configure:8416: result: yes
configure:9243: checking if libtool supports shared libraries
configure:9245: result: yes
configure:9248: checking whether to build shared libraries
configure:9269: result: yes
configure:9272: checking whether to build static libraries
configure:9276: result: yes
configure:9368: creating libtool
configure:9956: checking for ld used by g++
configure:10023: result: /usr/bin/ld
configure:10032: checking if the linker (/usr/bin/ld) is GNU ld
configure:10047: result: yes
configure:10098: checking whether the g++ linker (/usr/bin/ld) supports shared libraries
configure:11034: result: yes
configure:11052: g++ -c -g -O2  conftest.cpp >&5
configure:11055: $? = 0
configure:11174: checking for g++ option to produce PIC
configure:11448: result: -fPIC
configure:11456: checking if g++ PIC flag -fPIC works
configure:11474: g++ -c -g -O2  -fPIC -DPIC conftest.cpp >&5
configure:11478: $? = 0
configure:11491: result: yes
configure:11519: checking if g++ static flag -static works
configure:11547: result: yes
configure:11557: checking if g++ supports -c -o file.o
configure:11578: g++ -c -g -O2  -o out/conftest2.o conftest.cpp >&5
configure:11582: $? = 0
configure:11604: result: yes
configure:11630: checking whether the g++ linker (/usr/bin/ld) supports shared libraries
configure:11661: result: yes
configure:11728: checking dynamic linker characteristics
configure:12328: result: GNU/Linux ld.so
configure:12337: checking how to hardcode library paths into programs
configure:12362: result: immediate
configure:18552: checking for ANSI C header files
configure:18707: result: yes
configure:18717: checking for an ANSI C-conforming const
configure:18784: gcc -c -g -O2  conftest.c >&5
configure:18790: $? = 0
configure:18793: test -z 			 || test ! -s conftest.err
configure:18796: $? = 0
configure:18799: test -s conftest.o
configure:18802: $? = 0
configure:18813: result: yes
configure:18823: checking whether time.h and sys/time.h may both be included
configure:18848: gcc -c -g -O2  conftest.c >&5
configure:18854: $? = 0
configure:18857: test -z 			 || test ! -s conftest.err
configure:18860: $? = 0
configure:18863: test -s conftest.o
configure:18866: $? = 0
configure:18877: result: yes
configure:18891: checking for gettimeofday
configure:18948: gcc -o conftest -g -O2   conftest.c  >&5
configure:18954: $? = 0
configure:18957: test -z 			 || test ! -s conftest.err
configure:18960: $? = 0
configure:18963: test -s conftest
configure:18966: $? = 0
configure:18978: result: yes
configure:19105: creating ./config.status

## ---------------------- ##
## Running config.status. ##
## ---------------------- ##

This file was extended by config.status, which was
generated by GNU Autoconf 2.59.  Invocation command line was

  CONFIG_FILES    = 
  CONFIG_HEADERS  = 
  CONFIG_LINKS    = 
  CONFIG_COMMANDS = 
  $ ./config.status 

on NOTEDEV

config.status:757: creating Makefile
config.status:757: creating src/Makefile
config.status:757: creating src/include/Makefile
config.status:757: creating fann.pc
config.status:757: creating fann.spec
config.status:823: creating src/include/config.h
config.status:937: src/include/config.h is unchanged
config.status:1117: executing depfiles commands

## ---------------- ##
## Cache variables. ##
## ---------------- ##

ac_cv_build=i686-pc-linux-gnu
ac_cv_build_alias=i686-pc-linux-gnu
ac_cv_c_compiler_gnu=yes
ac_cv_c_const=yes
ac_cv_cxx_compiler_gnu=yes
ac_cv_env_CC_set=
ac_cv_env_CC_value=
ac_cv_env_CFLAGS_set=
ac_cv_env_CFLAGS_value=
ac_cv_env_CPPFLAGS_set=
ac_cv_env_CPPFLAGS_value=
ac_cv_env_CPP_set=
ac_cv_env_CPP_value=
ac_cv_env_CXXCPP_set=
ac_cv_env_CXXCPP_value=
ac_cv_env_CXXFLAGS_set=
ac_cv_env_CXXFLAGS_value=
ac_cv_env_CXX_set=
ac_cv_env_CXX_value=
ac_cv_env_F77_set=
ac_cv_env_F77_value=
ac_cv_env_FFLAGS_set=
ac_cv_env_FFLAGS_value=
ac_cv_env_LDFLAGS_set=
ac_cv_env_LDFLAGS_value=
ac_cv_env_build_alias_set=
ac_cv_env_build_alias_value=
ac_cv_env_host_alias_set=
ac_cv_env_host_alias_value=
ac_cv_env_target_alias_set=
ac_cv_env_target_alias_value=
ac_cv_exeext=
ac_cv_f77_compiler_gnu=no
ac_cv_func_gettimeofday=yes
ac_cv_header_dlfcn_h=yes
ac_cv_header_inttypes_h=yes
ac_cv_header_memory_h=yes
ac_cv_header_stdc=yes
ac_cv_header_stdint_h=yes
ac_cv_header_stdlib_h=yes
ac_cv_header_string_h=yes
ac_cv_header_strings_h=yes
ac_cv_header_sys_stat_h=yes
ac_cv_header_sys_types_h=yes
ac_cv_header_time=yes
ac_cv_header_unistd_h=yes
ac_cv_host=i686-pc-linux-gnu
ac_cv_host_alias=i686-pc-linux-gnu
ac_cv_objext=o
ac_cv_path_install='/usr/bin/install -c'
ac_cv_prog_AWK=mawk
ac_cv_prog_CPP='gcc -E'
ac_cv_prog_CXXCPP='g++ -E'
ac_cv_prog_ac_ct_AR=ar
ac_cv_prog_ac_ct_CC=gcc
ac_cv_prog_ac_ct_CXX=g++
ac_cv_prog_ac_ct_RANLIB=ranlib
ac_cv_prog_ac_ct_STRIP=strip
ac_cv_prog_cc_g=yes
ac_cv_prog_cc_stdc=
ac_cv_prog_cxx_g=yes
ac_cv_prog_egrep='grep -E'
ac_cv_prog_f77_g=no
ac_cv_prog_make_make_set=yes
am_cv_CC_dependencies_compiler_type=gcc3
am_cv_CXX_dependencies_compiler_type=gcc3
lt_cv_deplibs_check_method=pass_all
lt_cv_file_magic_cmd='$MAGIC_CMD'
lt_cv_file_magic_test_file=
lt_cv_ld_reload_flag=-r
lt_cv_objdir=.libs
lt_cv_path_LD=/usr/bin/ld
lt_cv_path_LDCXX=/usr/bin/ld
lt_cv_path_NM='/usr/bin/nm -B'
lt_cv_path_SED=/bin/sed
lt_cv_prog_compiler_c_o=yes
lt_cv_prog_compiler_c_o_CXX=yes
lt_cv_prog_compiler_rtti_exceptions=no
lt_cv_prog_gnu_ld=yes
lt_cv_prog_gnu_ldcxx=yes
lt_cv_sys_global_symbol_pipe='sed -n -e '\''s/^.*[ 	]\([ABCDGIRSTW][ABCDGIRSTW]*\)[ 	][ 	]*\([_A-Za-z][_A-Za-z0-9]*\)$/\1 \2 \2/p'\'''
lt_cv_sys_global_symbol_to_c_name_address='sed -n -e '\''s/^: \([^ ]*\) $/  {\"\1\", (lt_ptr) 0},/p'\'' -e '\''s/^[BCDEGRST] \([^ ]*\) \([^ ]*\)$/  {"\2", (lt_ptr) \&\2},/p'\'''
lt_cv_sys_global_symbol_to_cdecl='sed -n -e '\''s/^. .* \(.*\)$/extern int \1;/p'\'''
lt_cv_sys_max_cmd_len=32768
lt_lt_cv_prog_compiler_c_o='"yes"'
lt_lt_cv_prog_compiler_c_o_CXX='"yes"'
lt_lt_cv_sys_global_symbol_pipe='"sed -n -e '\''s/^.*[ 	]\\([ABCDGIRSTW][ABCDGIRSTW]*\\)[ 	][ 	]*\\([_A-Za-z][_A-Za-z0-9]*\\)\$/\\1 \\2 \\2/p'\''"'
lt_lt_cv_sys_global_symbol_to_c_name_address='"sed -n -e '\''s/^: \\([^ ]*\\) \$/  {\\\"\\1\\\", (lt_ptr) 0},/p'\'' -e '\''s/^[BCDEGRST] \\([^ ]*\\) \\([^ ]*\\)\$/  {\"\\2\", (lt_ptr) \\&\\2},/p'\''"'
lt_lt_cv_sys_global_symbol_to_cdecl='"sed -n -e '\''s/^. .* \\(.*\\)\$/extern int \\1;/p'\''"'

## ----------------- ##
## Output variables. ##
## ----------------- ##

ACLOCAL='${SHELL} /home/ivan/workspace/Busca/fann-2.1.0/missing --run aclocal-1.9'
AMDEPBACKSLASH='\'
AMDEP_FALSE='#'
AMDEP_TRUE=''
AMTAR='${SHELL} /home/ivan/workspace/Busca/fann-2.1.0/missing --run tar'
AR='ar'
AUTOCONF='${SHELL} /home/ivan/workspace/Busca/fann-2.1.0/missing --run autoconf'
AUTOHEADER='${SHELL} /home/ivan/workspace/Busca/fann-2.1.0/missing --run autoheader'
AUTOMAKE='${SHELL} /home/ivan/workspace/Busca/fann-2.1.0/missing --run automake-1.9'
AWK='mawk'
CC='gcc'
CCDEPMODE='depmode=gcc3'
CFLAGS='-g -O2'
CPP='gcc -E'
CPPFLAGS=''
CXX='g++'
CXXCPP='g++ -E'
CXXDEPMODE='depmode=gcc3'
CXXFLAGS='-g -O2'
CYGPATH_W='echo'
DEFS='-DHAVE_CONFIG_H'
DEPDIR='.deps'
ECHO='echo'
ECHO_C=''
ECHO_N='-n'
ECHO_T=''
EGREP='grep -E'
EXEEXT=''
F77=''
FFLAGS=''
INSTALL_DATA='${INSTALL} -m 644'
INSTALL_PROGRAM='${INSTALL}'
INSTALL_SCRIPT='${INSTALL}'
INSTALL_STRIP_PROGRAM='${SHELL} $(install_sh) -c -s'
LDFLAGS=''
LIBOBJS=''
LIBS=''
LIBTOOL='$(SHELL) $(top_builddir)/libtool'
LN_S='ln -s'
LTLIBOBJS=''
MAKEINFO='${SHELL} /home/ivan/workspace/Busca/fann-2.1.0/missing --run makeinfo'
OBJEXT='o'
PACKAGE='fann'
PACKAGE_BUGREPORT=''
PACKAGE_NAME=''
PACKAGE_STRING=''
PACKAGE_TARNAME=''
PACKAGE_VERSION=''
PATH_SEPARATOR=':'
RANLIB='ranlib'
SET_MAKE=''
SHELL='/bin/sh'
STRIP='strip'
VERSION='2.1.0'
ac_ct_AR='ar'
ac_ct_CC='gcc'
ac_ct_CXX='g++'
ac_ct_F77=''
ac_ct_RANLIB='ranlib'
ac_ct_STRIP='strip'
am__fastdepCC_FALSE='#'
am__fastdepCC_TRUE=''
am__fastdepCXX_FALSE='#'
am__fastdepCXX_TRUE=''
am__include='include'
am__leading_dot='.'
am__quote=''
am__tar='${AMTAR} chof - "$$tardir"'
am__untar='${AMTAR} xf -'
bindir='${exec_prefix}/bin'
build='i686-pc-linux-gnu'
build_alias=''
build_cpu='i686'
build_os='linux-gnu'
build_vendor='pc'
datadir='${prefix}/share'
exec_prefix='${prefix}'
host='i686-pc-linux-gnu'
host_alias=''
host_cpu='i686'
host_os='linux-gnu'
host_vendor='pc'
includedir='${prefix}/include'
infodir='${prefix}/info'
install_sh='/home/ivan/workspace/Busca/fann-2.1.0/install-sh'
libdir='${exec_prefix}/lib'
libexecdir='${exec_prefix}/libexec'
localstatedir='${prefix}/var'
mandir='${prefix}/man'
mkdir_p='mkdir -p --'
oldincludedir='/usr/include'
prefix='/usr'
program_transform_name='s,x,x,'
sbindir='${exec_prefix}/sbin'
sharedstatedir='${prefix}/com'
sysconfdir='${prefix}/etc'
target_alias=''

## ----------- ##
## confdefs.h. ##
## ----------- ##

#define HAVE_DLFCN_H 1
#define HAVE_GETTIMEOFDAY 1
#define HAVE_INTTYPES_H 1
#define HAVE_MEMORY_H 1
#define HAVE_STDINT_H 1
#define HAVE_STDLIB_H 1
#define HAVE_STRINGS_H 1
#define HAVE_STRING_H 1
#define HAVE_SYS_STAT_H 1
#define HAVE_SYS_TYPES_H 1
#define HAVE_UNISTD_H 1
#define PACKAGE "fann"
#define PACKAGE_BUGREPORT ""
#define PACKAGE_NAME ""
#define PACKAGE_STRING ""
#define PACKAGE_TARNAME ""
#define PACKAGE_VERSION ""
#define STDC_HEADERS 1
#define STDC_HEADERS 1
#define TIME_WITH_SYS_TIME 1
#define VERSION "2.1.0"
#endif
#ifdef __cplusplus
extern "C" void exit (int) throw ();

configure: exit 0
